<?xml version="1.0" encoding="UTF-8"?>
<!-- Generated by org.testng.reporters.JUnitReportReporter -->
<testsuite hostname="santhi" name="com.actvadmin.testcases.ProductTest" tests="3" failures="0" timestamp="8 Jun 2018 19:06:39 GMT" time="102.484" errors="0">
  <testcase name="verifyproductlink" time="39.697" classname="com.actvadmin.testcases.ProductTest"/>
  <testcase name="validatedashlink" time="36.459" classname="com.actvadmin.testcases.ProductTest"/>
  <testcase name="addproduct" time="26.328" classname="com.actvadmin.testcases.ProductTest"/>
</testsuite> <!-- com.actvadmin.testcases.ProductTest -->
