<?xml version="1.0" encoding="UTF-8"?>
<!-- Generated by org.testng.reporters.JUnitReportReporter -->
<testsuite hostname="santhi" name="com.actvadmin.testcases.DasboardTest" tests="1" failures="0" timestamp="8 Jun 2018 19:11:04 GMT" time="22.284" errors="0">
  <testcase name="validatedashlink" time="22.284" classname="com.actvadmin.testcases.DasboardTest"/>
</testsuite> <!-- com.actvadmin.testcases.DasboardTest -->
